[08:22:44] [INIT] KubeJS 2001.6.5-build.16; MC 2001 forge
[08:22:44] [INIT] Loaded plugins:
[08:22:44] [INIT] - dev.latvian.mods.kubejs.forge.BuiltinKubeJSForgePlugin
[08:22:44] [INIT] - dev.latvian.mods.kubejs.forge.BuiltinKubeJSForgeClientPlugin
[08:22:44] [INIT] - io.github.mortuusars.exposure.integration.kubejs.ExposureJSPlugin
[08:22:44] [INIT] - dev.ftb.mods.ftbxmodcompat.ftbquests.kubejs.KubeJSIntegration
[08:22:44] [INIT] - dev.ftb.mods.ftbxmodcompat.ftbchunks.kubejs.FTBChunksKubeJSPlugin
[08:22:44] [INIT] - dev.ftb.mods.ftbxmodcompat.ftbteams.kubejs.FTBTeamsKubeJSPlugin
[08:22:44] [INIT] - com.oierbravo.createsifter.compat.kubejs.KubeJSCreatesifterPlugin
[08:22:44] [INIT] - com.tom.createores.kubejs.KubeJSExcavation
[08:22:44] [INIT] - dev.latvian.mods.kubejs.create.KubeJSCreatePlugin
[08:22:44] [INIT] - com.momosoftworks.coldsweat.compat.kubejs.KubePlugin
[08:22:44] [INIT] - pie.ilikepiefoo.AdditionsPlugin
[08:22:44] [INIT] - pie.ilikepiefoo.compat.jei.JEIKubeJSPlugin
[08:22:44] [INIT] - com.oierbravo.createmechanicalextruder.compat.kubejs.KubeJSCreateMechanicalExtruderPlugin
[08:22:44] [INIT] - fr.lucreeper74.createmetallurgy.compat.kubejs.CreateMetallurgyKJS
[08:22:44] [INIT] - snownee.lychee.compat.kubejs.LycheeKubeJSPlugin
[08:22:44] [INFO] Loaded script client_scripts:hide.js in 0.006 s
[08:22:44] [INFO] Loaded script client_scripts:info.js in 0.019 s
[08:22:44] [INFO] Loaded 2/2 KubeJS client scripts in 0.048 s with 0 errors and 0 warnings
[08:23:35] [INFO] Client resource reload complete!
