[07:44:46] [INIT] KubeJS 2001.6.5-build.16; MC 2001 forge
[07:44:46] [INIT] Loaded plugins:
[07:44:46] [INIT] - dev.latvian.mods.kubejs.forge.BuiltinKubeJSForgePlugin
[07:44:46] [INIT] - dev.latvian.mods.kubejs.forge.BuiltinKubeJSForgeClientPlugin
[07:44:46] [INIT] - io.github.mortuusars.exposure.integration.kubejs.ExposureJSPlugin
[07:44:46] [INIT] - dev.ftb.mods.ftbxmodcompat.ftbquests.kubejs.KubeJSIntegration
[07:44:46] [INIT] - dev.ftb.mods.ftbxmodcompat.ftbchunks.kubejs.FTBChunksKubeJSPlugin
[07:44:46] [INIT] - dev.ftb.mods.ftbxmodcompat.ftbteams.kubejs.FTBTeamsKubeJSPlugin
[07:44:46] [INIT] - com.oierbravo.createsifter.compat.kubejs.KubeJSCreatesifterPlugin
[07:44:46] [INIT] - com.tom.createores.kubejs.KubeJSExcavation
[07:44:46] [INIT] - dev.latvian.mods.kubejs.create.KubeJSCreatePlugin
[07:44:46] [INIT] - com.momosoftworks.coldsweat.compat.kubejs.KubePlugin
[07:44:46] [INIT] - pie.ilikepiefoo.AdditionsPlugin
[07:44:46] [INIT] - pie.ilikepiefoo.compat.jei.JEIKubeJSPlugin
[07:44:46] [INIT] - com.oierbravo.createmechanicalextruder.compat.kubejs.KubeJSCreateMechanicalExtruderPlugin
[07:44:46] [INIT] - fr.lucreeper74.createmetallurgy.compat.kubejs.CreateMetallurgyKJS
[07:44:46] [INIT] - snownee.lychee.compat.kubejs.LycheeKubeJSPlugin
[07:44:46] [INFO] Loaded script server_scripts:unify_car.js in 0.005 s
[07:44:46] [INFO] Loaded script server_scripts:unify_create.js in 0.001 s
[07:44:46] [INFO] Loaded script server_scripts:unify_fd.js in 0.006 s
[07:44:46] [INFO] Loaded script server_scripts:unify_minecraft.js in 0.001 s
[07:44:46] [INFO] Loaded script server_scripts:unify_others.js in 0.0 s
[07:44:46] [INFO] Loaded script server_scripts:unify_supplementaries.js in 0.0 s
[07:44:46] [INFO] Loaded script server_scripts:unify_tfc.js in 0.002 s
[07:44:46] [INFO] Loaded script server_scripts:unify_woodencog.js in 0.002 s
[07:44:46] [INFO] Loaded script server_scripts:unify_workshop.js in 0.0 s
[07:44:46] [INFO] Loaded script server_scripts:Cobblemon/ancientballstfc/ancientazureball.js in 0.0 s
[07:44:46] [INFO] Loaded script server_scripts:Cobblemon/ancientballstfc/ancientcitrineball.js in 0.001 s
[07:44:46] [INFO] Loaded script server_scripts:Cobblemon/ancientballstfc/ancientheavyball.js in 0.0 s
[07:44:46] [INFO] Loaded script server_scripts:Cobblemon/ancientballstfc/ancientivoryball.js in 0.0 s
[07:44:46] [INFO] Loaded script server_scripts:Cobblemon/ancientballstfc/ancientpokeball.js in 0.0 s
[07:44:46] [INFO] Loaded script server_scripts:Cobblemon/ancientballstfc/ancientroseateball.js in 0.001 s
[07:44:46] [INFO] Loaded script server_scripts:Cobblemon/ancientballstfc/ancientslateball.js in 0.0 s
[07:44:46] [INFO] Loaded script server_scripts:Cobblemon/ancientballstfc/ancientverdantball.js in 0.0 s
[07:44:46] [INFO] Loaded script server_scripts:Cobblemon/ancientballstfc/reciperemove.js in 0.0 s
[07:44:46] [INFO] Loaded script server_scripts:first_aid.js in 0.0 s
[07:44:46] [INFO] Loaded script server_scripts:grassfix.js in 0.0 s
[07:44:46] [INFO] Loaded script server_scripts:knapping.js in 0.001 s
[07:44:46] [INFO] Loaded script server_scripts:recipes/curving.js in 0.0 s
[07:44:46] [INFO] Loaded script server_scripts:recipes/hammering.js in 0.0 s
[07:44:46] [INFO] Loaded script server_scripts:recipes/sequence_recipe.js in 0.0 s
[07:44:46] [INFO] Loaded script server_scripts:tags.js in 0.003 s
[07:44:46] [INFO] villager.js#23: Loaded Java class 'net.dries007.tfc.common.capabilities.food.FoodCapability'
[07:44:46] [INFO] villager.js#24: Loaded Java class 'net.dries007.tfc.util.calendar.Calendars'
[07:44:46] [INFO] villager.js#307: Loaded Java class 'net.minecraft.world.entity.npc.Villager'
[07:44:46] [INFO] Loaded script server_scripts:villager.js in 0.006 s
[07:44:46] [INFO] Loaded 26/26 KubeJS server scripts in 0.056 s with 0 errors and 0 warnings
[07:44:46] [INFO] Scripts loaded
[07:44:46] [INFO] Initializing recipe event...
[07:44:47] [INFO] [minecraft:fluid] Found 413 tags, added 169 objects, removed 28 objects
[07:44:48] [INFO] [minecraft:block] Found 1339 tags, added 66 objects, removed 3 objects
[07:44:48] [INFO] [minecraft:item] Found 3747 tags, added 1540 objects, removed 29 objects
[07:44:51] [INFO] Processing recipes...
[07:44:51] [WARN] Failed to parse recipe 'tfmg:crafting/epic_party_light_bulb[minecraft:crafting_shaped]'! Falling back to vanilla: ItemStack 'result' can't be empty!
[07:44:51] [WARN] Failed to parse recipe 'createmetallurgy:alloying/diamond_steel[createmetallurgy:alloying]'! Falling back to vanilla: Invalid string '1100°C': Not a valid heat condition!
[07:44:51] [WARN] Failed to parse recipe 'vinery:dark_cherry_big_table[minecraft:crafting_shaped]'! Falling back to vanilla: ItemStack 'result' can't be empty!
[07:44:51] [WARN] Failed to parse recipe 'tfmg:crafting/glass_cable_connector[minecraft:crafting_shaped]'! Falling back to vanilla: ItemStack 'result' can't be empty!
[07:44:51] [WARN] Failed to parse recipe 'tfmg:crafting/battery[minecraft:crafting_shaped]'! Falling back to vanilla: ItemStack 'result' can't be empty!
[07:44:51] [WARN] Failed to parse recipe 'tfmg:crafting/cast_iron_distillation_output[minecraft:crafting_shaped]'! Falling back to vanilla: ItemStack 'result' can't be empty!
[07:44:51] [WARN] Failed to parse recipe 'tfmg:stonecutting/caution_block[minecraft:stonecutting]'! Falling back to vanilla: ItemStack 'result' can't be empty!
[07:44:51] [WARN] Failed to parse recipe 'tfmg:mechanical_crafting/pumpjack_hammer_holder[create:mechanical_crafting]'! Falling back to vanilla: ItemStack 'result' can't be empty!
[07:44:51] [WARN] Failed to parse recipe 'tfmg:mechanical_crafting/cast_iron_distillation_controller[create:mechanical_crafting]'! Falling back to vanilla: ItemStack 'result' can't be empty!
[07:44:51] [WARN] Failed to parse recipe 'vinery:calendar[minecraft:crafting_shaped]'! Falling back to vanilla: ItemStack 'result' can't be empty!
[07:44:51] [WARN] Failed to parse recipe 'tfmg:crafting/welding_machine[minecraft:crafting_shaped]'! Falling back to vanilla: ItemStack 'result' can't be empty!
[07:44:51] [WARN] Failed to parse recipe 'tfmg:stonecutting/caution_blocks/light_blue_caution_block[minecraft:stonecutting]'! Falling back to vanilla: ItemStack 'result' can't be empty!
[07:44:51] [INFO] Found 35686 recipes in 265.7 ms
[07:44:52] [INFO] Posted recipe events in 447.1 ms
[07:44:52] [INFO] Added 72 recipes, removed 3457 recipes, modified 738 recipes, with 0 failed recipes in 129.0 ms
[07:44:55] [INFO] Server resource reload complete!
