[08:22:43] [INIT] KubeJS 2001.6.5-build.16; MC 2001 forge
[08:22:43] [INIT] Loaded plugins:
[08:22:43] [INIT] - dev.latvian.mods.kubejs.forge.BuiltinKubeJSForgePlugin
[08:22:43] [INIT] - dev.latvian.mods.kubejs.forge.BuiltinKubeJSForgeClientPlugin
[08:22:43] [INIT] - io.github.mortuusars.exposure.integration.kubejs.ExposureJSPlugin
[08:22:43] [INIT] - dev.ftb.mods.ftbxmodcompat.ftbquests.kubejs.KubeJSIntegration
[08:22:43] [INIT] - dev.ftb.mods.ftbxmodcompat.ftbchunks.kubejs.FTBChunksKubeJSPlugin
[08:22:43] [INIT] - dev.ftb.mods.ftbxmodcompat.ftbteams.kubejs.FTBTeamsKubeJSPlugin
[08:22:43] [INIT] - com.oierbravo.createsifter.compat.kubejs.KubeJSCreatesifterPlugin
[08:22:43] [INIT] - com.tom.createores.kubejs.KubeJSExcavation
[08:22:43] [INIT] - dev.latvian.mods.kubejs.create.KubeJSCreatePlugin
[08:22:43] [INIT] - com.momosoftworks.coldsweat.compat.kubejs.KubePlugin
[08:22:43] [INIT] - pie.ilikepiefoo.AdditionsPlugin
[08:22:43] [INIT] - pie.ilikepiefoo.compat.jei.JEIKubeJSPlugin
[08:22:43] [INIT] - com.oierbravo.createmechanicalextruder.compat.kubejs.KubeJSCreateMechanicalExtruderPlugin
[08:22:43] [INIT] - fr.lucreeper74.createmetallurgy.compat.kubejs.CreateMetallurgyKJS
[08:22:43] [INIT] - snownee.lychee.compat.kubejs.LycheeKubeJSPlugin
[08:22:44] [INFO] Loaded script startup_scripts:blocks_unbreakable.js in 0.069 s
[08:22:44] [INFO] custom_fluid.js#3: Hello, World! (You will only see this line once in console, during startup)
[08:22:44] [INFO] Loaded script startup_scripts:custom_fluid.js in 0.005 s
[08:22:44] [INFO] custom_item.js#3: Hello, World! (You will only see this line once in console, during startup)
[08:22:44] [INFO] Loaded script startup_scripts:custom_item.js in 0.008 s
[08:22:44] [INFO] Loaded script startup_scripts:modification_items.js in 0.001 s
[08:22:44] [INFO] Loaded script startup_scripts:remove_ores.js in 0.0 s
[08:22:44] [INFO] Loaded 5/5 KubeJS startup scripts in 0.984 s with 0 errors and 0 warnings
