[08:22:35.463][INFO][CraftTweaker-EarlyInit]: CraftTweaker is running on a Minecraft 1.20.1 production client modded with platform Forge
[08:22:35.531][INFO][CraftTweaker-EarlyInit]: Successfully injected RecipeFS file system
[08:22:35.652][INFO][CraftTweaker-Plugins]: Successfully identified and loaded plugin crafttweaker:builtin
[08:22:35.655][INFO][CraftTweaker-Plugins]: Successfully identified and loaded plugin crafttweaker:builtin_forge
[08:22:35.658][INFO][CraftTweaker-Plugins]: Successfully identified and loaded plugin mekanism:crt_plugin
[08:22:35.662][INFO][CraftTweaker-Plugins]: Successfully identified and loaded plugin createtweaker:sifter
[08:22:35.663][INFO][CraftTweaker-Plugins]: Successfully identified and loaded plugin createtweaker:main
[08:22:35.667][INFO][CraftTweaker-Plugins]: Successfully identified and loaded plugin farmersdelight:crafttweaker_plugin
[08:22:39.773][INFO][CraftTweaker]: The following mods have explicit CraftTweaker support through the default plugin:
[08:22:39.776][INFO][CraftTweaker]: - 'angrymobs' at version '4.1.0'
[08:22:39.776][INFO][CraftTweaker]: - 'crafttweaker' at version '14.0.56'
[08:22:39.776][INFO][CraftTweaker]: - 'createsifter' at version '1.20.1-1.8.2.j-55'
[08:22:39.776][INFO][CraftTweaker]: - 'createtweaker' at version '4.0.15'
[08:22:39.776][INFO][CraftTweaker]: - 'farmersdelight' at version '1.20.1-1.2.7'
[08:22:39.776][INFO][CraftTweaker]: - 'immersiveengineering' at version '1.20.1-10.2.0-183'
[08:22:39.776][INFO][CraftTweaker]: - 'mekanism' at version '10.4.14'
[08:22:39.777][INFO][CraftTweaker]: - 'pneumaticcraft' at version '6.0.20+mc1.20.1'
[08:23:26.562][INFO][CraftTweaker-ZenCode]: Started loading scripts for loader 'mekanismcontent'
[08:23:26.876][INFO][CraftTweaker-ZenCode]: Compiling and executing scripts
[08:23:27.642][INFO][CraftTweaker-ZenCode]: Successfully initialized modules [mods, crafttweaker, expansions]
[08:23:27.780][INFO][CraftTweaker-ZenCode]: Execution for loader 'mekanismcontent' completed successfully
[08:23:27.780][INFO][Mekanism]: Registering 0 custom gases.
[08:23:27.795][INFO][Mekanism]: Registering 0 custom infuse types.
[08:23:27.827][INFO][Mekanism]: Registering 0 custom pigments.
[08:23:27.853][INFO][Mekanism]: Registering 0 custom slurries.
[08:23:36.778][INFO][CraftTweaker-ZenCode]: Started loading scripts for loader 'initialize'
[08:23:36.817][INFO][CraftTweaker-ZenCode]: Compiling and executing scripts
[08:23:36.820][INFO][CraftTweaker-ZenCode]: Successfully initialized modules [crafttweaker, expansions]
[08:23:36.834][INFO][CraftTweaker-ZenCode]: Execution for loader 'initialize' completed successfully
